java version "1.7.0_67"
Java(TM) SE Runtime Environment (build 1.7.0_67-b01)
Java HotSpot(TM) 64-Bit Server VM (build 24.65-b04, mixed mode)
INFO -  - Configuration path : /home/admin/.areca/workspace/VM_Weekly_Backups/1810574857.bcfg
INFO -  - Target : Home
INFO -  - Backup in progress ...
INFO -  - 0%
INFO -  - 10%
INFO -  - 20%
INFO -  - 30%
INFO -  - 40%
INFO -  - 50%
INFO -  - 60%
INFO -  - Committing backup ...
INFO -  - Creating a copy of the target's XML configuration ...
INFO -  - Commit completed.
INFO -  - Checking archive (working directory : /var/app/areca/tmp/chk0) ...
INFO -  - Data recovery ...
INFO -  - Recovering ftp://bk486972881@backup329.onlinehome-server.com:21/Home_Weekly/storage_1810574857/141026_1 (/areca_rmt/1810574857/storage_1810574857/141026_1) (383 files) ...
INFO -  - 70%
INFO -  - Recovery completed - Checking recovered files (this may take some time) ...
INFO -  - Check completed - 383 files checked.
INFO -  - Cleaning recovered files (/var/app/areca/tmp/chk0) ...
INFO -  - Recovered files cleaned.
INFO -  - 90%
INFO -  - Merge in progress ...
INFO -  - Recovery completed - Merged archive creation ...
INFO -  - Committing merge ...
INFO -  - Merge completed
INFO -  - Cleaning old archives ...
INFO -  - Cleaning old archives ...
INFO -  - No archive merged.
INFO -  - Merge completed.
INFO -  - 100%
INFO -  - Backup completed.
