java version "1.7.0_67"
Java(TM) SE Runtime Environment (build 1.7.0_67-b01)
Java HotSpot(TM) 64-Bit Server VM (build 24.65-b04, mixed mode)
INFO -  - Configuration path : /home/admin/.areca/workspace/VM_Daily_Backups/1366160921.bcfg
INFO -  - Target : Sourceforge VM
INFO -  - 10%
INFO -  - Backup in progress ...
INFO -  - 20%
INFO -  - 30%
INFO -  - 40%
INFO -  - 50%
INFO -  - 60%
INFO -  - Committing backup ...
14-10-29 22:39 - ERROR - Got an error during connection check
org.apache.commons.net.ftp.FTPConnectionClosedException: FTP response 421 received.  Server closed connection.
	at org.apache.commons.net.ftp.FTP.__getReply(FTP.java:321)
	at org.apache.commons.net.ftp.FTP.sendCommand(FTP.java:460)
	at org.apache.commons.net.ftp.FTP.sendCommand(FTP.java:520)
	at org.apache.commons.net.ftp.FTP.sendCommand(FTP.java:569)
	at org.apache.commons.net.ftp.FTP.noop(FTP.java:1463)
	at org.apache.commons.net.ftp.FTPClient.sendNoOp(FTPClient.java:1924)
	at com.myJava.file.driver.remote.ftp.FTPProxy.checkConnection(FTPProxy.java:370)
	at com.myJava.file.driver.remote.ftp.FTPProxy.getFileOutputStream(FTPProxy.java:528)
	at com.myJava.file.driver.remote.AbstractProxy.getFileOutputStream(AbstractProxy.java:175)
	at com.myJava.file.driver.remote.LocalOutputStream.close(LocalOutputStream.java:73)
	at java.io.FilterOutputStream.close(FilterOutputStream.java:160)
	at com.myJava.file.driver.event.EventOutputStream.close(EventOutputStream.java:51)
	at java.util.zip.DeflaterOutputStream.close(DeflaterOutputStream.java:241)
	at sun.nio.cs.StreamEncoder.implClose(StreamEncoder.java:320)
	at sun.nio.cs.StreamEncoder.close(StreamEncoder.java:149)
	at java.io.OutputStreamWriter.close(OutputStreamWriter.java:233)
	at com.application.areca.metadata.AbstractMetadataAdapter.close(AbstractMetadataAdapter.java:165)
	at com.application.areca.impl.AbstractIncrementalFileSystemMedium.commitBackup(AbstractIncrementalFileSystemMedium.java:456)
	at com.application.areca.AbstractTarget.commitBackup(AbstractTarget.java:568)
	at com.application.areca.impl.FileSystemTarget.commitBackup(FileSystemTarget.java:169)
	at com.application.areca.AbstractTarget.processBackup(AbstractTarget.java:410)
	at com.application.areca.ActionProxy.processBackupOnTarget(ActionProxy.java:98)
	at com.application.areca.launcher.tui.Launcher$1.run(Launcher.java:407)
	at java.lang.Thread.run(Thread.java:745)
INFO -  - Creating a copy of the target's XML configuration ...
INFO -  - Commit completed.
INFO -  - Merge in progress ...
INFO -  - Recovery completed - Merged archive creation ...
INFO -  - Committing merge ...
INFO -  - Merge completed
INFO -  - Cleaning old archives ...
INFO -  - Cleaning old archives ...
INFO -  - No archive merged.
INFO -  - Merge completed.
INFO -  - 70%
INFO -  - Backup completed.
