java version "1.7.0_67"
Java(TM) SE Runtime Environment (build 1.7.0_67-b01)
Java HotSpot(TM) 64-Bit Server VM (build 24.65-b04, mixed mode)
INFO -  - Configuration path : /home/admin/.areca/workspace/Websites-DB/977679628.bcfg
INFO -  - Target : Websites & DB
INFO -  - Merge in progress ...
INFO -  - Data recovery ...
INFO -  - Recovering ftp://bk486972881@backup329.onlinehome-server.com:21/Websites-DB/storage_977679628/141021 (/areca_rmt/977679628/storage_977679628/141021) (26615 files) ...
14-10-29 23:45 - ERROR - FTPProxy.getFileOutputStream() - Error trying to get an outputstream on /Websites-DB/storage_977679628/141022_1/var/www/vhosts/e-pubsolutions.com/jjipcconsulting.e-pubsolutions.com/.htaccess : got FTP return message : 553 Could not create file.

14-10-29 23:45 - ERROR - AbstractProxy.resetClient() - Client reset because of the following error.
INFO -  - 50%
com.myJava.file.driver.remote.ftp.FTPConnectionException: Unable to write file : Response received from FTP server was : [553 Could not create file.
]
	at com.myJava.file.driver.remote.ftp.FTPProxy.getFileOutputStream(FTPProxy.java:542)
	at com.myJava.file.driver.remote.AbstractRemoteFileSystemDriver.getFileOutputStream(AbstractRemoteFileSystemDriver.java:551)
	at com.myJava.file.driver.remote.AbstractRemoteFileSystemDriver.getFileOutputStream(AbstractRemoteFileSystemDriver.java:423)
	at com.myJava.file.driver.cache.CachedFileSystemDriver.getFileOutputStream(CachedFileSystemDriver.java:286)
	at com.myJava.file.driver.event.EventFileSystemDriver.getFileOutputStream(EventFileSystemDriver.java:313)
	at com.myJava.file.FileSystemManager.getFileOutputStream(FileSystemManager.java:429)
	at com.application.areca.impl.tools.ArchiveReader.injectIntoDirectory(ArchiveReader.java:114)
	at com.application.areca.impl.IncrementalZipMedium.ensureLocalCopy(IncrementalZipMedium.java:288)
	at com.application.areca.impl.IncrementalZipMedium.ensureLocalCopy(IncrementalZipMedium.java:250)
	at com.application.areca.impl.handler.DefaultArchiveHandler.recoverRawData(DefaultArchiveHandler.java:65)
	at com.application.areca.impl.AbstractIncrementalFileSystemMedium.recoverImpl(AbstractIncrementalFileSystemMedium.java:1824)
	at com.application.areca.impl.AbstractIncrementalFileSystemMedium.recover(AbstractIncrementalFileSystemMedium.java:1904)
	at com.application.areca.impl.AbstractIncrementalFileSystemMedium.merge(AbstractIncrementalFileSystemMedium.java:951)
	at com.application.areca.AbstractTarget.processMerge(AbstractTarget.java:727)
	at com.application.areca.AbstractTarget.processMerge(AbstractTarget.java:654)
	at com.application.areca.ActionProxy.processMergeOnTargetImpl(ActionProxy.java:201)
	at com.application.areca.ActionProxy.processMergeOnTarget(ActionProxy.java:187)
	at com.application.areca.launcher.tui.Launcher.processMerge(Launcher.java:502)
	at com.application.areca.launcher.tui.Launcher.launchImpl(Launcher.java:145)
	at com.myJava.system.AbstractLauncher.launch(AbstractLauncher.java:47)
	at com.application.areca.launcher.tui.Launcher.main(Launcher.java:84)
14-10-29 23:45 - ERROR - Error copying var/www/vhosts/e-pubsolutions.com/jjipcconsulting.e-pubsolutions.com/.htaccess to /areca_rmt/977679628/storage_977679628/141022_1/var/www/vhosts/e-pubsolutions.com/jjipcconsulting.e-pubsolutions.com/.htaccess
com.myJava.file.driver.remote.ftp.FTPConnectionException: Unable to write file : Response received from FTP server was : [553 Could not create file.
]
	at com.myJava.file.driver.remote.ftp.FTPProxy.getFileOutputStream(FTPProxy.java:542)
	at com.myJava.file.driver.remote.AbstractRemoteFileSystemDriver.getFileOutputStream(AbstractRemoteFileSystemDriver.java:551)
	at com.myJava.file.driver.remote.AbstractRemoteFileSystemDriver.getFileOutputStream(AbstractRemoteFileSystemDriver.java:423)
	at com.myJava.file.driver.cache.CachedFileSystemDriver.getFileOutputStream(CachedFileSystemDriver.java:286)
	at com.myJava.file.driver.event.EventFileSystemDriver.getFileOutputStream(EventFileSystemDriver.java:313)
	at com.myJava.file.FileSystemManager.getFileOutputStream(FileSystemManager.java:429)
	at com.application.areca.impl.tools.ArchiveReader.injectIntoDirectory(ArchiveReader.java:114)
	at com.application.areca.impl.IncrementalZipMedium.ensureLocalCopy(IncrementalZipMedium.java:288)
	at com.application.areca.impl.IncrementalZipMedium.ensureLocalCopy(IncrementalZipMedium.java:250)
	at com.application.areca.impl.handler.DefaultArchiveHandler.recoverRawData(DefaultArchiveHandler.java:65)
	at com.application.areca.impl.AbstractIncrementalFileSystemMedium.recoverImpl(AbstractIncrementalFileSystemMedium.java:1824)
	at com.application.areca.impl.AbstractIncrementalFileSystemMedium.recover(AbstractIncrementalFileSystemMedium.java:1904)
	at com.application.areca.impl.AbstractIncrementalFileSystemMedium.merge(AbstractIncrementalFileSystemMedium.java:951)
	at com.application.areca.AbstractTarget.processMerge(AbstractTarget.java:727)
	at com.application.areca.AbstractTarget.processMerge(AbstractTarget.java:654)
	at com.application.areca.ActionProxy.processMergeOnTargetImpl(ActionProxy.java:201)
	at com.application.areca.ActionProxy.processMergeOnTarget(ActionProxy.java:187)
	at com.application.areca.launcher.tui.Launcher.processMerge(Launcher.java:502)
	at com.application.areca.launcher.tui.Launcher.launchImpl(Launcher.java:145)
	at com.myJava.system.AbstractLauncher.launch(AbstractLauncher.java:47)
	at com.application.areca.launcher.tui.Launcher.main(Launcher.java:84)
14-10-29 23:45 - WARNING - Closing inputstream : 426 Failure writing network stream.  
14-10-29 23:45 - ERROR
com.myJava.file.driver.remote.ftp.FTPConnectionException: Unable to write file : Response received from FTP server was : [553 Could not create file.
]
	at com.myJava.file.driver.remote.ftp.FTPProxy.getFileOutputStream(FTPProxy.java:542)
	at com.myJava.file.driver.remote.AbstractRemoteFileSystemDriver.getFileOutputStream(AbstractRemoteFileSystemDriver.java:551)
	at com.myJava.file.driver.remote.AbstractRemoteFileSystemDriver.getFileOutputStream(AbstractRemoteFileSystemDriver.java:423)
	at com.myJava.file.driver.cache.CachedFileSystemDriver.getFileOutputStream(CachedFileSystemDriver.java:286)
	at com.myJava.file.driver.event.EventFileSystemDriver.getFileOutputStream(EventFileSystemDriver.java:313)
	at com.myJava.file.FileSystemManager.getFileOutputStream(FileSystemManager.java:429)
	at com.application.areca.impl.tools.ArchiveReader.injectIntoDirectory(ArchiveReader.java:114)
	at com.application.areca.impl.IncrementalZipMedium.ensureLocalCopy(IncrementalZipMedium.java:288)
	at com.application.areca.impl.IncrementalZipMedium.ensureLocalCopy(IncrementalZipMedium.java:250)
	at com.application.areca.impl.handler.DefaultArchiveHandler.recoverRawData(DefaultArchiveHandler.java:65)
	at com.application.areca.impl.AbstractIncrementalFileSystemMedium.recoverImpl(AbstractIncrementalFileSystemMedium.java:1824)
	at com.application.areca.impl.AbstractIncrementalFileSystemMedium.recover(AbstractIncrementalFileSystemMedium.java:1904)
	at com.application.areca.impl.AbstractIncrementalFileSystemMedium.merge(AbstractIncrementalFileSystemMedium.java:951)
	at com.application.areca.AbstractTarget.processMerge(AbstractTarget.java:727)
	at com.application.areca.AbstractTarget.processMerge(AbstractTarget.java:654)
	at com.application.areca.ActionProxy.processMergeOnTargetImpl(ActionProxy.java:201)
	at com.application.areca.ActionProxy.processMergeOnTarget(ActionProxy.java:187)
	at com.application.areca.launcher.tui.Launcher.processMerge(Launcher.java:502)
	at com.application.areca.launcher.tui.Launcher.launchImpl(Launcher.java:145)
	at com.myJava.system.AbstractLauncher.launch(AbstractLauncher.java:47)
	at com.application.areca.launcher.tui.Launcher.main(Launcher.java:84)
14-10-29 23:45 - ERROR
com.application.areca.ApplicationException: com.myJava.file.driver.remote.ftp.FTPConnectionException: Unable to write file : Response received from FTP server was : [553 Could not create file.
]
	at com.application.areca.impl.AbstractIncrementalFileSystemMedium.recoverImpl(AbstractIncrementalFileSystemMedium.java:1844)
	at com.application.areca.impl.AbstractIncrementalFileSystemMedium.recover(AbstractIncrementalFileSystemMedium.java:1904)
	at com.application.areca.impl.AbstractIncrementalFileSystemMedium.merge(AbstractIncrementalFileSystemMedium.java:951)
	at com.application.areca.AbstractTarget.processMerge(AbstractTarget.java:727)
	at com.application.areca.AbstractTarget.processMerge(AbstractTarget.java:654)
	at com.application.areca.ActionProxy.processMergeOnTargetImpl(ActionProxy.java:201)
	at com.application.areca.ActionProxy.processMergeOnTarget(ActionProxy.java:187)
	at com.application.areca.launcher.tui.Launcher.processMerge(Launcher.java:502)
	at com.application.areca.launcher.tui.Launcher.launchImpl(Launcher.java:145)
	at com.myJava.system.AbstractLauncher.launch(AbstractLauncher.java:47)
	at com.application.areca.launcher.tui.Launcher.main(Launcher.java:84)
Caused by: com.myJava.file.driver.remote.ftp.FTPConnectionException: Unable to write file : Response received from FTP server was : [553 Could not create file.
]
	at com.myJava.file.driver.remote.ftp.FTPProxy.getFileOutputStream(FTPProxy.java:542)
	at com.myJava.file.driver.remote.AbstractRemoteFileSystemDriver.getFileOutputStream(AbstractRemoteFileSystemDriver.java:551)
	at com.myJava.file.driver.remote.AbstractRemoteFileSystemDriver.getFileOutputStream(AbstractRemoteFileSystemDriver.java:423)
	at com.myJava.file.driver.cache.CachedFileSystemDriver.getFileOutputStream(CachedFileSystemDriver.java:286)
	at com.myJava.file.driver.event.EventFileSystemDriver.getFileOutputStream(EventFileSystemDriver.java:313)
	at com.myJava.file.FileSystemManager.getFileOutputStream(FileSystemManager.java:429)
	at com.application.areca.impl.tools.ArchiveReader.injectIntoDirectory(ArchiveReader.java:114)
	at com.application.areca.impl.IncrementalZipMedium.ensureLocalCopy(IncrementalZipMedium.java:288)
	at com.application.areca.impl.IncrementalZipMedium.ensureLocalCopy(IncrementalZipMedium.java:250)
	at com.application.areca.impl.handler.DefaultArchiveHandler.recoverRawData(DefaultArchiveHandler.java:65)
	at com.application.areca.impl.AbstractIncrementalFileSystemMedium.recoverImpl(AbstractIncrementalFileSystemMedium.java:1824)
	... 10 more
14-10-29 23:45 - ERROR
com.application.areca.ApplicationException: com.myJava.file.driver.remote.ftp.FTPConnectionException: Unable to write file : Response received from FTP server was : [553 Could not create file.
]
	at com.application.areca.impl.AbstractIncrementalFileSystemMedium.recoverImpl(AbstractIncrementalFileSystemMedium.java:1844)
	at com.application.areca.impl.AbstractIncrementalFileSystemMedium.recover(AbstractIncrementalFileSystemMedium.java:1904)
	at com.application.areca.impl.AbstractIncrementalFileSystemMedium.merge(AbstractIncrementalFileSystemMedium.java:951)
	at com.application.areca.AbstractTarget.processMerge(AbstractTarget.java:727)
	at com.application.areca.AbstractTarget.processMerge(AbstractTarget.java:654)
	at com.application.areca.ActionProxy.processMergeOnTargetImpl(ActionProxy.java:201)
	at com.application.areca.ActionProxy.processMergeOnTarget(ActionProxy.java:187)
	at com.application.areca.launcher.tui.Launcher.processMerge(Launcher.java:502)
	at com.application.areca.launcher.tui.Launcher.launchImpl(Launcher.java:145)
	at com.myJava.system.AbstractLauncher.launch(AbstractLauncher.java:47)
	at com.application.areca.launcher.tui.Launcher.main(Launcher.java:84)
Caused by: com.myJava.file.driver.remote.ftp.FTPConnectionException: Unable to write file : Response received from FTP server was : [553 Could not create file.
]
	at com.myJava.file.driver.remote.ftp.FTPProxy.getFileOutputStream(FTPProxy.java:542)
	at com.myJava.file.driver.remote.AbstractRemoteFileSystemDriver.getFileOutputStream(AbstractRemoteFileSystemDriver.java:551)
	at com.myJava.file.driver.remote.AbstractRemoteFileSystemDriver.getFileOutputStream(AbstractRemoteFileSystemDriver.java:423)
	at com.myJava.file.driver.cache.CachedFileSystemDriver.getFileOutputStream(CachedFileSystemDriver.java:286)
	at com.myJava.file.driver.event.EventFileSystemDriver.getFileOutputStream(EventFileSystemDriver.java:313)
	at com.myJava.file.FileSystemManager.getFileOutputStream(FileSystemManager.java:429)
	at com.application.areca.impl.tools.ArchiveReader.injectIntoDirectory(ArchiveReader.java:114)
	at com.application.areca.impl.IncrementalZipMedium.ensureLocalCopy(IncrementalZipMedium.java:288)
	at com.application.areca.impl.IncrementalZipMedium.ensureLocalCopy(IncrementalZipMedium.java:250)
	at com.application.areca.impl.handler.DefaultArchiveHandler.recoverRawData(DefaultArchiveHandler.java:65)
	at com.application.areca.impl.AbstractIncrementalFileSystemMedium.recoverImpl(AbstractIncrementalFileSystemMedium.java:1824)
	... 10 more
INFO -  - Rollbacking merge ...
INFO -  - Rollback completed.
INFO -  - Merge completed.
INFO -  - ------------------------------------------------------------------
INFO -  - An error occurred during the process : com.myJava.file.driver.remote.ftp.FTPConnectionException: Unable to write file : Response received from FTP server was : [553 Could not create file.
]
INFO -  - Please refer to the log file : /home/admin/.areca/workspace/Websites-DB/.log/977679628.14-10-29.log
INFO -  - ------------------------------------------------------------------
14-10-29 23:45 - ERROR
com.application.areca.ApplicationException: com.myJava.file.driver.remote.ftp.FTPConnectionException: Unable to write file : Response received from FTP server was : [553 Could not create file.
]
	at com.application.areca.impl.AbstractIncrementalFileSystemMedium.recoverImpl(AbstractIncrementalFileSystemMedium.java:1844)
	at com.application.areca.impl.AbstractIncrementalFileSystemMedium.recover(AbstractIncrementalFileSystemMedium.java:1904)
	at com.application.areca.impl.AbstractIncrementalFileSystemMedium.merge(AbstractIncrementalFileSystemMedium.java:951)
	at com.application.areca.AbstractTarget.processMerge(AbstractTarget.java:727)
	at com.application.areca.AbstractTarget.processMerge(AbstractTarget.java:654)
	at com.application.areca.ActionProxy.processMergeOnTargetImpl(ActionProxy.java:201)
	at com.application.areca.ActionProxy.processMergeOnTarget(ActionProxy.java:187)
	at com.application.areca.launcher.tui.Launcher.processMerge(Launcher.java:502)
	at com.application.areca.launcher.tui.Launcher.launchImpl(Launcher.java:145)
	at com.myJava.system.AbstractLauncher.launch(AbstractLauncher.java:47)
	at com.application.areca.launcher.tui.Launcher.main(Launcher.java:84)
Caused by: com.myJava.file.driver.remote.ftp.FTPConnectionException: Unable to write file : Response received from FTP server was : [553 Could not create file.
]
	at com.myJava.file.driver.remote.ftp.FTPProxy.getFileOutputStream(FTPProxy.java:542)
	at com.myJava.file.driver.remote.AbstractRemoteFileSystemDriver.getFileOutputStream(AbstractRemoteFileSystemDriver.java:551)
	at com.myJava.file.driver.remote.AbstractRemoteFileSystemDriver.getFileOutputStream(AbstractRemoteFileSystemDriver.java:423)
	at com.myJava.file.driver.cache.CachedFileSystemDriver.getFileOutputStream(CachedFileSystemDriver.java:286)
	at com.myJava.file.driver.event.EventFileSystemDriver.getFileOutputStream(EventFileSystemDriver.java:313)
	at com.myJava.file.FileSystemManager.getFileOutputStream(FileSystemManager.java:429)
	at com.application.areca.impl.tools.ArchiveReader.injectIntoDirectory(ArchiveReader.java:114)
	at com.application.areca.impl.IncrementalZipMedium.ensureLocalCopy(IncrementalZipMedium.java:288)
	at com.application.areca.impl.IncrementalZipMedium.ensureLocalCopy(IncrementalZipMedium.java:250)
	at com.application.areca.impl.handler.DefaultArchiveHandler.recoverRawData(DefaultArchiveHandler.java:65)
	at com.application.areca.impl.AbstractIncrementalFileSystemMedium.recoverImpl(AbstractIncrementalFileSystemMedium.java:1824)
	... 10 more
