java version "1.7.0_67"
Java(TM) SE Runtime Environment (build 1.7.0_67-b01)
Java HotSpot(TM) 64-Bit Server VM (build 24.65-b04, mixed mode)
INFO -  - Configuration path : /home/admin/.areca/workspace/Websites-DB/977679628.bcfg
INFO -  - Target : Websites & DB
INFO -  - Merge in progress ...
INFO -  - Recovery completed - Merged archive creation ...
INFO -  - 50%
INFO -  - Committing merge ...
INFO -  - Merge completed
INFO -  - Cleaning old archives ...
INFO -  - Cleaning old archives ...
INFO -  - No archive merged.
INFO -  - Merge completed.
java version "1.7.0_67"
Java(TM) SE Runtime Environment (build 1.7.0_67-b01)
Java HotSpot(TM) 64-Bit Server VM (build 24.65-b04, mixed mode)
INFO -  - Configuration path : /home/admin/.areca/workspace/Websites-DB/977679628.bcfg
INFO -  - Target : Websites & DB
INFO -  - Merge in progress ...
14-10-29 23:45 - WARNING - Uncommited directory detected : ftp://bk486972881@backup329.onlinehome-server.com:21/Websites-DB/storage_977679628/141022_1 (/areca_rmt/977679628/storage_977679628/141022_1)
INFO -  - Recovery completed - Merged archive creation ...
INFO -  - 50%
INFO -  - Committing merge ...
INFO -  - Merge completed
INFO -  - Cleaning old archives ...
INFO -  - Cleaning old archives ...
INFO -  - No archive merged.
INFO -  - Merge completed.
